{"/Users/alexandrerodriguez/Desktop/vue/projet/src/App.vue": {"path":"/Users/alexandrerodriguez/Desktop/vue/projet/src/App.vue","statementMap":{"0":{"start":{"line":9,"column":0},"end":{"line":9,"column":null}}},"fnMap":{},"branchMap":{},"s":{"0":0},"f":{},"b":{}}
,"/Users/alexandrerodriguez/Desktop/vue/projet/src/main.js": {"path":"/Users/alexandrerodriguez/Desktop/vue/projet/src/main.js","statementMap":{"0":{"start":{"line":35,"column":0},"end":{"line":35,"column":25}},"1":{"start":{"line":36,"column":0},"end":{"line":36,"column":19}},"2":{"start":{"line":37,"column":0},"end":{"line":37,"column":16}},"3":{"start":{"line":38,"column":0},"end":{"line":38,"column":21}},"4":{"start":{"line":39,"column":0},"end":{"line":39,"column":22}},"5":{"start":{"line":42,"column":0},"end":{"line":42,"column":33}},"6":{"start":{"line":45,"column":17},"end":{"line":53,"column":1}},"7":{"start":{"line":56,"column":13},"end":{"line":59,"column":2}},"8":{"start":{"line":61,"column":0},"end":{"line":66,"column":18}},"9":{"start":{"line":65,"column":17},"end":{"line":65,"column":23}},"10":{"start":{"line":68,"column":0},"end":{"line":78,"column":1}},"11":{"start":{"line":69,"column":2},"end":{"line":77,"column":4}},"12":{"start":{"line":70,"column":4},"end":{"line":70,"column":69}},"13":{"start":{"line":71,"column":4},"end":{"line":71,"column":69}},"14":{"start":{"line":72,"column":4},"end":{"line":72,"column":69}},"15":{"start":{"line":73,"column":4},"end":{"line":73,"column":69}},"16":{"start":{"line":74,"column":4},"end":{"line":74,"column":69}},"17":{"start":{"line":75,"column":4},"end":{"line":75,"column":72}},"18":{"start":{"line":76,"column":4},"end":{"line":76,"column":69}}},"fnMap":{"0":{"name":"(anonymous_0)","decl":{"start":{"line":65,"column":10},"end":{"line":65,"column":11}},"loc":{"start":{"line":65,"column":17},"end":{"line":65,"column":23}},"line":65},"1":{"name":"(anonymous_1)","decl":{"start":{"line":69,"column":172},"end":{"line":69,"column":173}},"loc":{"start":{"line":69,"column":184},"end":{"line":77,"column":3}},"line":69}},"branchMap":{"0":{"loc":{"start":{"line":68,"column":0},"end":{"line":78,"column":1}},"type":"if","locations":[{"start":{"line":68,"column":0},"end":{"line":78,"column":1}},{"start":{"line":68,"column":0},"end":{"line":78,"column":1}}],"line":68}},"s":{"0":0,"1":0,"2":0,"3":0,"4":0,"5":0,"6":0,"7":0,"8":0,"9":0,"10":0,"11":0,"12":0,"13":0,"14":0,"15":0,"16":0,"17":0,"18":0},"f":{"0":0,"1":0},"b":{"0":[0,0]},"hash":"3d55dc98208982dd262d52a056e45c12a0c36451"}
,"/Users/alexandrerodriguez/Desktop/vue/projet/src/components/Admin/Form.vue": {"path":"/Users/alexandrerodriguez/Desktop/vue/projet/src/components/Admin/Form.vue","statementMap":{"0":{"start":{"line":45,"column":0},"end":{"line":45,"column":null}},"1":{"start":{"line":49,"column":0},"end":{"line":49,"column":null}},"2":{"start":{"line":52,"column":0},"end":{"line":52,"column":null}},"3":{"start":{"line":55,"column":0},"end":{"line":57,"column":null}},"4":{"start":{"line":56,"column":0},"end":{"line":56,"column":null}},"5":{"start":{"line":58,"column":0},"end":{"line":58,"column":null}},"6":{"start":{"line":61,"column":0},"end":{"line":63,"column":null}},"7":{"start":{"line":62,"column":0},"end":{"line":62,"column":null}},"8":{"start":{"line":64,"column":0},"end":{"line":64,"column":null}},"9":{"start":{"line":69,"column":0},"end":{"line":69,"column":null}},"10":{"start":{"line":79,"column":0},"end":{"line":79,"column":null}},"11":{"start":{"line":80,"column":0},"end":{"line":105,"column":null}},"12":{"start":{"line":83,"column":0},"end":{"line":83,"column":null}},"13":{"start":{"line":84,"column":0},"end":{"line":86,"column":null}},"14":{"start":{"line":85,"column":0},"end":{"line":85,"column":null}},"15":{"start":{"line":87,"column":0},"end":{"line":89,"column":null}},"16":{"start":{"line":88,"column":0},"end":{"line":88,"column":null}},"17":{"start":{"line":90,"column":0},"end":{"line":92,"column":null}},"18":{"start":{"line":91,"column":0},"end":{"line":91,"column":null}},"19":{"start":{"line":93,"column":0},"end":{"line":95,"column":null}},"20":{"start":{"line":94,"column":0},"end":{"line":94,"column":null}},"21":{"start":{"line":96,"column":0},"end":{"line":98,"column":null}},"22":{"start":{"line":97,"column":0},"end":{"line":97,"column":null}},"23":{"start":{"line":99,"column":0},"end":{"line":101,"column":null}},"24":{"start":{"line":100,"column":0},"end":{"line":100,"column":null}},"25":{"start":{"line":104,"column":0},"end":{"line":104,"column":null}},"26":{"start":{"line":106,"column":0},"end":{"line":106,"column":null}},"27":{"start":{"line":110,"column":0},"end":{"line":110,"column":null}},"28":{"start":{"line":111,"column":0},"end":{"line":111,"column":null}},"29":{"start":{"line":113,"column":0},"end":{"line":113,"column":null}},"30":{"start":{"line":114,"column":0},"end":{"line":116,"column":null}},"31":{"start":{"line":115,"column":0},"end":{"line":115,"column":null}}},"fnMap":{"0":{"name":"(anonymous_1)","decl":{"start":{"line":48,"column":0},"end":{"line":48,"column":null}},"loc":{"start":{"line":48,"column":0},"end":{"line":50,"column":null}}},"1":{"name":"(anonymous_2)","decl":{"start":{"line":51,"column":0},"end":{"line":51,"column":null}},"loc":{"start":{"line":51,"column":0},"end":{"line":53,"column":null}}},"2":{"name":"(anonymous_3)","decl":{"start":{"line":54,"column":0},"end":{"line":54,"column":null}},"loc":{"start":{"line":54,"column":0},"end":{"line":59,"column":null}}},"3":{"name":"(anonymous_4)","decl":{"start":{"line":60,"column":0},"end":{"line":60,"column":null}},"loc":{"start":{"line":60,"column":0},"end":{"line":65,"column":null}}},"4":{"name":"(anonymous_5)","decl":{"start":{"line":68,"column":0},"end":{"line":68,"column":null}},"loc":{"start":{"line":68,"column":0},"end":{"line":76,"column":null}}},"5":{"name":"(anonymous_6)","decl":{"start":{"line":78,"column":0},"end":{"line":78,"column":null}},"loc":{"start":{"line":78,"column":0},"end":{"line":107,"column":null}}},"6":{"name":"(anonymous_7)","decl":{"start":{"line":80,"column":0},"end":{"line":80,"column":null}},"loc":{"start":{"line":80,"column":0},"end":{"line":102,"column":null}}},"7":{"name":"(anonymous_8)","decl":{"start":{"line":102,"column":0},"end":{"line":102,"column":null}},"loc":{"start":{"line":102,"column":0},"end":{"line":105,"column":null}}},"8":{"name":"(anonymous_9)","decl":{"start":{"line":108,"column":0},"end":{"line":108,"column":null}},"loc":{"start":{"line":108,"column":0},"end":{"line":117,"column":null}}},"9":{"name":"(anonymous_10)","decl":{"start":{"line":114,"column":0},"end":{"line":114,"column":null}},"loc":{"start":{"line":114,"column":0},"end":{"line":116,"column":null}}}},"branchMap":{"0":{"loc":{"start":{"line":55,"column":0},"end":{"line":57,"column":null}},"type":"if","locations":[{"start":{"line":55,"column":0},"end":{"line":57,"column":null}},{"start":{"line":55,"column":0},"end":{"line":57,"column":null}}]},"1":{"loc":{"start":{"line":61,"column":0},"end":{"line":63,"column":null}},"type":"if","locations":[{"start":{"line":61,"column":0},"end":{"line":63,"column":null}},{"start":{"line":61,"column":0},"end":{"line":63,"column":null}}]},"2":{"loc":{"start":{"line":84,"column":0},"end":{"line":86,"column":null}},"type":"if","locations":[{"start":{"line":84,"column":0},"end":{"line":86,"column":null}},{"start":{"line":84,"column":0},"end":{"line":86,"column":null}}]},"3":{"loc":{"start":{"line":87,"column":0},"end":{"line":89,"column":null}},"type":"if","locations":[{"start":{"line":87,"column":0},"end":{"line":89,"column":null}},{"start":{"line":87,"column":0},"end":{"line":89,"column":null}}]},"4":{"loc":{"start":{"line":90,"column":0},"end":{"line":92,"column":null}},"type":"if","locations":[{"start":{"line":90,"column":0},"end":{"line":92,"column":null}},{"start":{"line":90,"column":0},"end":{"line":92,"column":null}}]},"5":{"loc":{"start":{"line":93,"column":0},"end":{"line":95,"column":null}},"type":"if","locations":[{"start":{"line":93,"column":0},"end":{"line":95,"column":null}},{"start":{"line":93,"column":0},"end":{"line":95,"column":null}}]},"6":{"loc":{"start":{"line":96,"column":0},"end":{"line":98,"column":null}},"type":"if","locations":[{"start":{"line":96,"column":0},"end":{"line":98,"column":null}},{"start":{"line":96,"column":0},"end":{"line":98,"column":null}}]},"7":{"loc":{"start":{"line":99,"column":0},"end":{"line":101,"column":null}},"type":"if","locations":[{"start":{"line":99,"column":0},"end":{"line":101,"column":null}},{"start":{"line":99,"column":0},"end":{"line":101,"column":null}}]}},"s":{"0":0,"1":0,"2":0,"3":0,"4":0,"5":0,"6":0,"7":0,"8":0,"9":0,"10":0,"11":0,"12":0,"13":0,"14":0,"15":0,"16":0,"17":0,"18":0,"19":0,"20":0,"21":0,"22":0,"23":0,"24":0,"25":0,"26":0,"27":0,"28":0,"29":0,"30":0,"31":0},"f":{"0":0,"1":0,"2":0,"3":0,"4":0,"5":0,"6":0,"7":0,"8":0,"9":0},"b":{"0":[0,0],"1":[0,0],"2":[0,0],"3":[0,0],"4":[0,0],"5":[0,0],"6":[0,0],"7":[0,0]}}
,"/Users/alexandrerodriguez/Desktop/vue/projet/src/components/Biographie/CardBiographie.vue": {"path":"/Users/alexandrerodriguez/Desktop/vue/projet/src/components/Biographie/CardBiographie.vue","statementMap":{"0":{"start":{"line":34,"column":0},"end":{"line":34,"column":null}},"1":{"start":{"line":35,"column":0},"end":{"line":35,"column":null}}},"fnMap":{"0":{"name":"(anonymous_1)","decl":{"start":{"line":33,"column":0},"end":{"line":33,"column":null}},"loc":{"start":{"line":33,"column":0},"end":{"line":36,"column":null}}}},"branchMap":{},"s":{"0":1,"1":1},"f":{"0":1},"b":{}}
,"/Users/alexandrerodriguez/Desktop/vue/projet/src/components/Contact/FormContainer.vue": {"path":"/Users/alexandrerodriguez/Desktop/vue/projet/src/components/Contact/FormContainer.vue","statementMap":{"0":{"start":{"line":65,"column":0},"end":{"line":65,"column":null}},"1":{"start":{"line":68,"column":0},"end":{"line":68,"column":null}},"2":{"start":{"line":71,"column":0},"end":{"line":71,"column":null}},"3":{"start":{"line":74,"column":0},"end":{"line":74,"column":null}}},"fnMap":{"0":{"name":"(anonymous_1)","decl":{"start":{"line":64,"column":0},"end":{"line":64,"column":null}},"loc":{"start":{"line":64,"column":0},"end":{"line":66,"column":null}}},"1":{"name":"(anonymous_2)","decl":{"start":{"line":67,"column":0},"end":{"line":67,"column":null}},"loc":{"start":{"line":67,"column":0},"end":{"line":69,"column":null}}},"2":{"name":"(anonymous_3)","decl":{"start":{"line":70,"column":0},"end":{"line":70,"column":null}},"loc":{"start":{"line":70,"column":0},"end":{"line":72,"column":null}}},"3":{"name":"(anonymous_4)","decl":{"start":{"line":73,"column":0},"end":{"line":73,"column":null}},"loc":{"start":{"line":73,"column":0},"end":{"line":75,"column":null}}}},"branchMap":{},"s":{"0":0,"1":0,"2":0,"3":0},"f":{"0":0,"1":0,"2":0,"3":0},"b":{}}
,"/Users/alexandrerodriguez/Desktop/vue/projet/src/components/Galeries/GaleriePhoto.vue": {"path":"/Users/alexandrerodriguez/Desktop/vue/projet/src/components/Galeries/GaleriePhoto.vue","statementMap":{"0":{"start":{"line":37,"column":0},"end":{"line":37,"column":null}}},"fnMap":{"0":{"name":"(anonymous_1)","decl":{"start":{"line":36,"column":0},"end":{"line":36,"column":null}},"loc":{"start":{"line":36,"column":0},"end":{"line":40,"column":null}}}},"branchMap":{},"s":{"0":0},"f":{"0":0},"b":{}}
,"/Users/alexandrerodriguez/Desktop/vue/projet/src/components/Global/Footer.vue": {"path":"/Users/alexandrerodriguez/Desktop/vue/projet/src/components/Global/Footer.vue","statementMap":{"0":{"start":{"line":93,"column":0},"end":{"line":93,"column":null}},"1":{"start":{"line":94,"column":0},"end":{"line":94,"column":null}},"2":{"start":{"line":95,"column":0},"end":{"line":95,"column":null}},"3":{"start":{"line":98,"column":0},"end":{"line":98,"column":null}},"4":{"start":{"line":101,"column":0},"end":{"line":101,"column":null}},"5":{"start":{"line":104,"column":0},"end":{"line":104,"column":null}}},"fnMap":{"0":{"name":"(anonymous_1)","decl":{"start":{"line":92,"column":0},"end":{"line":92,"column":null}},"loc":{"start":{"line":92,"column":0},"end":{"line":96,"column":null}}},"1":{"name":"(anonymous_2)","decl":{"start":{"line":97,"column":0},"end":{"line":97,"column":null}},"loc":{"start":{"line":97,"column":0},"end":{"line":99,"column":null}}},"2":{"name":"(anonymous_3)","decl":{"start":{"line":100,"column":0},"end":{"line":100,"column":null}},"loc":{"start":{"line":100,"column":0},"end":{"line":102,"column":null}}},"3":{"name":"(anonymous_4)","decl":{"start":{"line":103,"column":0},"end":{"line":103,"column":null}},"loc":{"start":{"line":103,"column":0},"end":{"line":105,"column":null}}}},"branchMap":{},"s":{"0":1,"1":1,"2":1,"3":1,"4":1,"5":1},"f":{"0":1,"1":1,"2":1,"3":1},"b":{}}
,"/Users/alexandrerodriguez/Desktop/vue/projet/src/components/Global/Navbar/Navbar.vue": {"path":"/Users/alexandrerodriguez/Desktop/vue/projet/src/components/Global/Navbar/Navbar.vue","statementMap":{"0":{"start":{"line":93,"column":0},"end":{"line":93,"column":null}}},"fnMap":{},"branchMap":{},"s":{"0":1},"f":{},"b":{}}
,"/Users/alexandrerodriguez/Desktop/vue/projet/src/router/index.js": {"path":"/Users/alexandrerodriguez/Desktop/vue/projet/src/router/index.js","statementMap":{"0":{"start":{"line":10,"column":0},"end":{"line":10,"column":18}},"1":{"start":{"line":12,"column":15},"end":{"line":96,"column":1}},"2":{"start":{"line":36,"column":21},"end":{"line":36,"column":105}},"3":{"start":{"line":41,"column":21},"end":{"line":41,"column":107}},"4":{"start":{"line":46,"column":21},"end":{"line":46,"column":99}},"5":{"start":{"line":51,"column":21},"end":{"line":51,"column":109}},"6":{"start":{"line":69,"column":21},"end":{"line":69,"column":95}},"7":{"start":{"line":74,"column":21},"end":{"line":74,"column":101}},"8":{"start":{"line":79,"column":21},"end":{"line":79,"column":101}},"9":{"start":{"line":84,"column":21},"end":{"line":84,"column":91}},"10":{"start":{"line":89,"column":21},"end":{"line":89,"column":97}},"11":{"start":{"line":94,"column":21},"end":{"line":94,"column":93}},"12":{"start":{"line":98,"column":15},"end":{"line":102,"column":2}}},"fnMap":{"0":{"name":"(anonymous_0)","decl":{"start":{"line":36,"column":15},"end":{"line":36,"column":16}},"loc":{"start":{"line":36,"column":21},"end":{"line":36,"column":105}},"line":36},"1":{"name":"(anonymous_1)","decl":{"start":{"line":41,"column":15},"end":{"line":41,"column":16}},"loc":{"start":{"line":41,"column":21},"end":{"line":41,"column":107}},"line":41},"2":{"name":"(anonymous_2)","decl":{"start":{"line":46,"column":15},"end":{"line":46,"column":16}},"loc":{"start":{"line":46,"column":21},"end":{"line":46,"column":99}},"line":46},"3":{"name":"(anonymous_3)","decl":{"start":{"line":51,"column":15},"end":{"line":51,"column":16}},"loc":{"start":{"line":51,"column":21},"end":{"line":51,"column":109}},"line":51},"4":{"name":"(anonymous_4)","decl":{"start":{"line":69,"column":15},"end":{"line":69,"column":16}},"loc":{"start":{"line":69,"column":21},"end":{"line":69,"column":95}},"line":69},"5":{"name":"(anonymous_5)","decl":{"start":{"line":74,"column":15},"end":{"line":74,"column":16}},"loc":{"start":{"line":74,"column":21},"end":{"line":74,"column":101}},"line":74},"6":{"name":"(anonymous_6)","decl":{"start":{"line":79,"column":15},"end":{"line":79,"column":16}},"loc":{"start":{"line":79,"column":21},"end":{"line":79,"column":101}},"line":79},"7":{"name":"(anonymous_7)","decl":{"start":{"line":84,"column":15},"end":{"line":84,"column":16}},"loc":{"start":{"line":84,"column":21},"end":{"line":84,"column":91}},"line":84},"8":{"name":"(anonymous_8)","decl":{"start":{"line":89,"column":15},"end":{"line":89,"column":16}},"loc":{"start":{"line":89,"column":21},"end":{"line":89,"column":97}},"line":89},"9":{"name":"(anonymous_9)","decl":{"start":{"line":94,"column":15},"end":{"line":94,"column":16}},"loc":{"start":{"line":94,"column":21},"end":{"line":94,"column":93}},"line":94}},"branchMap":{},"s":{"0":0,"1":0,"2":0,"3":0,"4":0,"5":0,"6":0,"7":0,"8":0,"9":0,"10":0,"11":0,"12":0},"f":{"0":0,"1":0,"2":0,"3":0,"4":0,"5":0,"6":0,"7":0,"8":0,"9":0},"b":{},"hash":"06440eb49921fa5b4ea759d27a4aae6a0f0050d7"}
,"/Users/alexandrerodriguez/Desktop/vue/projet/src/store/index.js": {"path":"/Users/alexandrerodriguez/Desktop/vue/projet/src/store/index.js","statementMap":{"0":{"start":{"line":6,"column":0},"end":{"line":6,"column":14}},"1":{"start":{"line":17,"column":6},"end":{"line":17,"column":26}},"2":{"start":{"line":20,"column":6},"end":{"line":20,"column":24}},"3":{"start":{"line":23,"column":6},"end":{"line":23,"column":20}},"4":{"start":{"line":26,"column":6},"end":{"line":26,"column":24}},"5":{"start":{"line":31,"column":6},"end":{"line":31,"column":43}},"6":{"start":{"line":34,"column":6},"end":{"line":34,"column":37}},"7":{"start":{"line":37,"column":6},"end":{"line":37,"column":35}},"8":{"start":{"line":40,"column":6},"end":{"line":40,"column":39}}},"fnMap":{"0":{"name":"(anonymous_0)","decl":{"start":{"line":16,"column":17},"end":{"line":16,"column":18}},"loc":{"start":{"line":16,"column":35},"end":{"line":18,"column":5}},"line":16},"1":{"name":"(anonymous_1)","decl":{"start":{"line":19,"column":18},"end":{"line":19,"column":19}},"loc":{"start":{"line":19,"column":29},"end":{"line":21,"column":5}},"line":19},"2":{"name":"(anonymous_2)","decl":{"start":{"line":22,"column":12},"end":{"line":22,"column":13}},"loc":{"start":{"line":22,"column":27},"end":{"line":24,"column":5}},"line":22},"3":{"name":"(anonymous_3)","decl":{"start":{"line":25,"column":14},"end":{"line":25,"column":15}},"loc":{"start":{"line":25,"column":31},"end":{"line":27,"column":5}},"line":25},"4":{"name":"(anonymous_4)","decl":{"start":{"line":30,"column":15},"end":{"line":30,"column":16}},"loc":{"start":{"line":30,"column":35},"end":{"line":32,"column":5}},"line":30},"5":{"name":"(anonymous_5)","decl":{"start":{"line":33,"column":15},"end":{"line":33,"column":16}},"loc":{"start":{"line":33,"column":28},"end":{"line":35,"column":5}},"line":33},"6":{"name":"(anonymous_6)","decl":{"start":{"line":36,"column":17},"end":{"line":36,"column":18}},"loc":{"start":{"line":36,"column":34},"end":{"line":38,"column":5}},"line":36},"7":{"name":"(anonymous_7)","decl":{"start":{"line":39,"column":19},"end":{"line":39,"column":20}},"loc":{"start":{"line":39,"column":38},"end":{"line":41,"column":5}},"line":39}},"branchMap":{},"s":{"0":0,"1":0,"2":0,"3":0,"4":0,"5":0,"6":0,"7":0,"8":0},"f":{"0":0,"1":0,"2":0,"3":0,"4":0,"5":0,"6":0,"7":0},"b":{},"hash":"e5ec163d2f8c1e8036ca6df67bb6514d620da813"}
,"/Users/alexandrerodriguez/Desktop/vue/projet/src/views/Actualites/Actualites.vue": {"path":"/Users/alexandrerodriguez/Desktop/vue/projet/src/views/Actualites/Actualites.vue","statementMap":{"0":{"start":{"line":15,"column":0},"end":{"line":15,"column":null}},"1":{"start":{"line":16,"column":0},"end":{"line":16,"column":null}},"2":{"start":{"line":17,"column":0},"end":{"line":17,"column":null}},"3":{"start":{"line":27,"column":0},"end":{"line":27,"column":null}},"4":{"start":{"line":28,"column":0},"end":{"line":47,"column":null}},"5":{"start":{"line":54,"column":0},"end":{"line":54,"column":null}},"6":{"start":{"line":58,"column":0},"end":{"line":58,"column":null}}},"fnMap":{"0":{"name":"(anonymous_1)","decl":{"start":{"line":26,"column":0},"end":{"line":26,"column":null}},"loc":{"start":{"line":26,"column":0},"end":{"line":55,"column":null}}},"1":{"name":"(anonymous_2)","decl":{"start":{"line":57,"column":0},"end":{"line":57,"column":null}},"loc":{"start":{"line":57,"column":0},"end":{"line":64,"column":null}}}},"branchMap":{},"s":{"0":0,"1":0,"2":0,"3":0,"4":0,"5":0,"6":0},"f":{"0":0,"1":0},"b":{}}
,"/Users/alexandrerodriguez/Desktop/vue/projet/src/views/Actualites/Calendrier/Calendrier.vue": {"path":"/Users/alexandrerodriguez/Desktop/vue/projet/src/views/Actualites/Calendrier/Calendrier.vue","statementMap":{"0":{"start":{"line":13,"column":0},"end":{"line":13,"column":null}},"1":{"start":{"line":14,"column":0},"end":{"line":14,"column":null}},"2":{"start":{"line":15,"column":0},"end":{"line":15,"column":null}},"3":{"start":{"line":25,"column":0},"end":{"line":25,"column":null}},"4":{"start":{"line":26,"column":0},"end":{"line":34,"column":null}},"5":{"start":{"line":42,"column":0},"end":{"line":42,"column":null}}},"fnMap":{"0":{"name":"(anonymous_1)","decl":{"start":{"line":24,"column":0},"end":{"line":24,"column":null}},"loc":{"start":{"line":24,"column":0},"end":{"line":43,"column":null}}}},"branchMap":{},"s":{"0":0,"1":0,"2":0,"3":0,"4":0,"5":0},"f":{"0":0},"b":{}}
,"/Users/alexandrerodriguez/Desktop/vue/projet/src/views/Actualites/Expositions/Expositions.vue": {"path":"/Users/alexandrerodriguez/Desktop/vue/projet/src/views/Actualites/Expositions/Expositions.vue","statementMap":{"0":{"start":{"line":15,"column":0},"end":{"line":15,"column":null}},"1":{"start":{"line":16,"column":0},"end":{"line":16,"column":null}},"2":{"start":{"line":17,"column":0},"end":{"line":17,"column":null}},"3":{"start":{"line":27,"column":0},"end":{"line":27,"column":null}},"4":{"start":{"line":28,"column":0},"end":{"line":37,"column":null}},"5":{"start":{"line":46,"column":0},"end":{"line":46,"column":null}},"6":{"start":{"line":49,"column":0},"end":{"line":49,"column":null}},"7":{"start":{"line":50,"column":0},"end":{"line":67,"column":null}},"8":{"start":{"line":76,"column":0},"end":{"line":76,"column":null}}},"fnMap":{"0":{"name":"(anonymous_1)","decl":{"start":{"line":26,"column":0},"end":{"line":26,"column":null}},"loc":{"start":{"line":26,"column":0},"end":{"line":47,"column":null}}},"1":{"name":"(anonymous_2)","decl":{"start":{"line":48,"column":0},"end":{"line":48,"column":null}},"loc":{"start":{"line":48,"column":0},"end":{"line":77,"column":null}}}},"branchMap":{},"s":{"0":0,"1":0,"2":0,"3":0,"4":0,"5":0,"6":0,"7":0,"8":0},"f":{"0":0,"1":0},"b":{}}
,"/Users/alexandrerodriguez/Desktop/vue/projet/src/views/Actualites/Interview/Interview.vue": {"path":"/Users/alexandrerodriguez/Desktop/vue/projet/src/views/Actualites/Interview/Interview.vue","statementMap":{"0":{"start":{"line":49,"column":0},"end":{"line":49,"column":null}},"1":{"start":{"line":50,"column":0},"end":{"line":50,"column":null}},"2":{"start":{"line":51,"column":0},"end":{"line":51,"column":null}}},"fnMap":{},"branchMap":{},"s":{"0":0,"1":0,"2":0},"f":{},"b":{}}
,"/Users/alexandrerodriguez/Desktop/vue/projet/src/views/Actualites/Presse/Presse.vue": {"path":"/Users/alexandrerodriguez/Desktop/vue/projet/src/views/Actualites/Presse/Presse.vue","statementMap":{"0":{"start":{"line":14,"column":0},"end":{"line":14,"column":null}},"1":{"start":{"line":15,"column":0},"end":{"line":15,"column":null}},"2":{"start":{"line":16,"column":0},"end":{"line":16,"column":null}},"3":{"start":{"line":26,"column":0},"end":{"line":34,"column":null}},"4":{"start":{"line":42,"column":0},"end":{"line":42,"column":null}},"5":{"start":{"line":45,"column":0},"end":{"line":53,"column":null}},"6":{"start":{"line":61,"column":0},"end":{"line":61,"column":null}}},"fnMap":{"0":{"name":"(anonymous_1)","decl":{"start":{"line":25,"column":0},"end":{"line":25,"column":null}},"loc":{"start":{"line":25,"column":0},"end":{"line":43,"column":null}}},"1":{"name":"(anonymous_2)","decl":{"start":{"line":44,"column":0},"end":{"line":44,"column":null}},"loc":{"start":{"line":44,"column":0},"end":{"line":62,"column":null}}}},"branchMap":{},"s":{"0":0,"1":0,"2":0,"3":0,"4":0,"5":0,"6":0},"f":{"0":0,"1":0},"b":{}}
,"/Users/alexandrerodriguez/Desktop/vue/projet/src/views/Admin/Admin.vue": {"path":"/Users/alexandrerodriguez/Desktop/vue/projet/src/views/Admin/Admin.vue","statementMap":{"0":{"start":{"line":9,"column":0},"end":{"line":9,"column":null}},"1":{"start":{"line":10,"column":0},"end":{"line":10,"column":null}}},"fnMap":{},"branchMap":{},"s":{"0":0,"1":0},"f":{},"b":{}}
,"/Users/alexandrerodriguez/Desktop/vue/projet/src/views/Biographie/Biographie.vue": {"path":"/Users/alexandrerodriguez/Desktop/vue/projet/src/views/Biographie/Biographie.vue","statementMap":{"0":{"start":{"line":16,"column":0},"end":{"line":16,"column":null}},"1":{"start":{"line":17,"column":0},"end":{"line":17,"column":null}},"2":{"start":{"line":18,"column":0},"end":{"line":18,"column":null}},"3":{"start":{"line":19,"column":0},"end":{"line":19,"column":null}}},"fnMap":{},"branchMap":{},"s":{"0":0,"1":0,"2":0,"3":0},"f":{},"b":{}}
,"/Users/alexandrerodriguez/Desktop/vue/projet/src/views/Contact/Contact.vue": {"path":"/Users/alexandrerodriguez/Desktop/vue/projet/src/views/Contact/Contact.vue","statementMap":{"0":{"start":{"line":39,"column":0},"end":{"line":39,"column":null}},"1":{"start":{"line":40,"column":0},"end":{"line":40,"column":null}},"2":{"start":{"line":41,"column":0},"end":{"line":41,"column":null}}},"fnMap":{},"branchMap":{},"s":{"0":0,"1":0,"2":0},"f":{},"b":{}}
,"/Users/alexandrerodriguez/Desktop/vue/projet/src/views/Galeries/Galerie.vue": {"path":"/Users/alexandrerodriguez/Desktop/vue/projet/src/views/Galeries/Galerie.vue","statementMap":{"0":{"start":{"line":15,"column":0},"end":{"line":15,"column":null}},"1":{"start":{"line":16,"column":0},"end":{"line":16,"column":null}},"2":{"start":{"line":17,"column":0},"end":{"line":17,"column":null}},"3":{"start":{"line":30,"column":0},"end":{"line":30,"column":null}},"4":{"start":{"line":31,"column":0},"end":{"line":62,"column":null}},"5":{"start":{"line":70,"column":0},"end":{"line":70,"column":null}},"6":{"start":{"line":74,"column":0},"end":{"line":74,"column":null}}},"fnMap":{"0":{"name":"(anonymous_1)","decl":{"start":{"line":29,"column":0},"end":{"line":29,"column":null}},"loc":{"start":{"line":29,"column":0},"end":{"line":71,"column":null}}},"1":{"name":"(anonymous_2)","decl":{"start":{"line":73,"column":0},"end":{"line":73,"column":null}},"loc":{"start":{"line":73,"column":0},"end":{"line":80,"column":null}}}},"branchMap":{},"s":{"0":0,"1":0,"2":0,"3":0,"4":0,"5":0,"6":0},"f":{"0":0,"1":0},"b":{}}
,"/Users/alexandrerodriguez/Desktop/vue/projet/src/views/Galeries/Eau/Eau.vue": {"path":"/Users/alexandrerodriguez/Desktop/vue/projet/src/views/Galeries/Eau/Eau.vue","statementMap":{"0":{"start":{"line":12,"column":0},"end":{"line":12,"column":null}},"1":{"start":{"line":13,"column":0},"end":{"line":13,"column":null}},"2":{"start":{"line":14,"column":0},"end":{"line":14,"column":null}},"3":{"start":{"line":23,"column":0},"end":{"line":23,"column":null}}},"fnMap":{"0":{"name":"(anonymous_1)","decl":{"start":{"line":22,"column":0},"end":{"line":22,"column":null}},"loc":{"start":{"line":22,"column":0},"end":{"line":87,"column":null}}}},"branchMap":{},"s":{"0":0,"1":0,"2":0,"3":0},"f":{"0":0},"b":{}}
,"/Users/alexandrerodriguez/Desktop/vue/projet/src/views/Galeries/Foret/Foret.vue": {"path":"/Users/alexandrerodriguez/Desktop/vue/projet/src/views/Galeries/Foret/Foret.vue","statementMap":{"0":{"start":{"line":12,"column":0},"end":{"line":12,"column":null}},"1":{"start":{"line":13,"column":0},"end":{"line":13,"column":null}},"2":{"start":{"line":14,"column":0},"end":{"line":14,"column":null}},"3":{"start":{"line":23,"column":0},"end":{"line":23,"column":null}}},"fnMap":{"0":{"name":"(anonymous_1)","decl":{"start":{"line":22,"column":0},"end":{"line":22,"column":null}},"loc":{"start":{"line":22,"column":0},"end":{"line":107,"column":null}}}},"branchMap":{},"s":{"0":0,"1":0,"2":0,"3":0},"f":{"0":0},"b":{}}
,"/Users/alexandrerodriguez/Desktop/vue/projet/src/views/Galeries/Jardin/Jardin.vue": {"path":"/Users/alexandrerodriguez/Desktop/vue/projet/src/views/Galeries/Jardin/Jardin.vue","statementMap":{"0":{"start":{"line":12,"column":0},"end":{"line":12,"column":null}},"1":{"start":{"line":13,"column":0},"end":{"line":13,"column":null}},"2":{"start":{"line":14,"column":0},"end":{"line":14,"column":null}},"3":{"start":{"line":23,"column":0},"end":{"line":23,"column":null}}},"fnMap":{"0":{"name":"(anonymous_1)","decl":{"start":{"line":22,"column":0},"end":{"line":22,"column":null}},"loc":{"start":{"line":22,"column":0},"end":{"line":87,"column":null}}}},"branchMap":{},"s":{"0":0,"1":0,"2":0,"3":0},"f":{"0":0},"b":{}}
,"/Users/alexandrerodriguez/Desktop/vue/projet/src/views/Galeries/Micro/Microcosmos.vue": {"path":"/Users/alexandrerodriguez/Desktop/vue/projet/src/views/Galeries/Micro/Microcosmos.vue","statementMap":{"0":{"start":{"line":12,"column":0},"end":{"line":12,"column":null}},"1":{"start":{"line":13,"column":0},"end":{"line":13,"column":null}},"2":{"start":{"line":14,"column":0},"end":{"line":14,"column":null}},"3":{"start":{"line":23,"column":0},"end":{"line":23,"column":null}}},"fnMap":{"0":{"name":"(anonymous_1)","decl":{"start":{"line":22,"column":0},"end":{"line":22,"column":null}},"loc":{"start":{"line":22,"column":0},"end":{"line":87,"column":null}}}},"branchMap":{},"s":{"0":0,"1":0,"2":0,"3":0},"f":{"0":0},"b":{}}
,"/Users/alexandrerodriguez/Desktop/vue/projet/src/views/Galeries/Noir/Noir.vue": {"path":"/Users/alexandrerodriguez/Desktop/vue/projet/src/views/Galeries/Noir/Noir.vue","statementMap":{"0":{"start":{"line":12,"column":0},"end":{"line":12,"column":null}},"1":{"start":{"line":13,"column":0},"end":{"line":13,"column":null}},"2":{"start":{"line":14,"column":0},"end":{"line":14,"column":null}},"3":{"start":{"line":23,"column":0},"end":{"line":23,"column":null}}},"fnMap":{"0":{"name":"(anonymous_1)","decl":{"start":{"line":22,"column":0},"end":{"line":22,"column":null}},"loc":{"start":{"line":22,"column":0},"end":{"line":87,"column":null}}}},"branchMap":{},"s":{"0":0,"1":0,"2":0,"3":0},"f":{"0":0},"b":{}}
,"/Users/alexandrerodriguez/Desktop/vue/projet/src/views/Galeries/Vegetale/Vegetale.vue": {"path":"/Users/alexandrerodriguez/Desktop/vue/projet/src/views/Galeries/Vegetale/Vegetale.vue","statementMap":{"0":{"start":{"line":12,"column":0},"end":{"line":12,"column":null}},"1":{"start":{"line":13,"column":0},"end":{"line":13,"column":null}},"2":{"start":{"line":14,"column":0},"end":{"line":14,"column":null}},"3":{"start":{"line":23,"column":0},"end":{"line":23,"column":null}}},"fnMap":{"0":{"name":"(anonymous_1)","decl":{"start":{"line":22,"column":0},"end":{"line":22,"column":null}},"loc":{"start":{"line":22,"column":0},"end":{"line":87,"column":null}}}},"branchMap":{},"s":{"0":0,"1":0,"2":0,"3":0},"f":{"0":0},"b":{}}
,"/Users/alexandrerodriguez/Desktop/vue/projet/src/views/Home/Home.vue": {"path":"/Users/alexandrerodriguez/Desktop/vue/projet/src/views/Home/Home.vue","statementMap":{"0":{"start":{"line":6,"column":0},"end":{"line":6,"column":null}},"1":{"start":{"line":13,"column":0},"end":{"line":13,"column":null}}},"fnMap":{"0":{"name":"(anonymous_1)","decl":{"start":{"line":12,"column":0},"end":{"line":12,"column":null}},"loc":{"start":{"line":12,"column":0},"end":{"line":60,"column":null}}}},"branchMap":{},"s":{"0":0,"1":0},"f":{"0":0},"b":{}}
}
