TN:
SF:/Users/alexandrerodriguez/Desktop/vue/projet/src/App.vue
FNF:0
FNH:0
DA:9,0
LF:1
LH:0
BRF:0
BRH:0
end_of_record
TN:
SF:/Users/alexandrerodriguez/Desktop/vue/projet/src/main.js
FN:65,(anonymous_0)
FN:69,(anonymous_1)
FNF:2
FNH:0
FNDA:0,(anonymous_0)
FNDA:0,(anonymous_1)
DA:35,0
DA:36,0
DA:37,0
DA:38,0
DA:39,0
DA:42,0
DA:45,0
DA:56,0
DA:61,0
DA:65,0
DA:68,0
DA:69,0
DA:70,0
DA:71,0
DA:72,0
DA:73,0
DA:74,0
DA:75,0
DA:76,0
LF:19
LH:0
BRDA:68,0,0,0
BRDA:68,0,1,0
BRF:2
BRH:0
end_of_record
TN:
SF:/Users/alexandrerodriguez/Desktop/vue/projet/src/components/Admin/Form.vue
FN:48,(anonymous_1)
FN:51,(anonymous_2)
FN:54,(anonymous_3)
FN:60,(anonymous_4)
FN:68,(anonymous_5)
FN:78,(anonymous_6)
FN:80,(anonymous_7)
FN:102,(anonymous_8)
FN:108,(anonymous_9)
FN:114,(anonymous_10)
FNF:10
FNH:0
FNDA:0,(anonymous_1)
FNDA:0,(anonymous_2)
FNDA:0,(anonymous_3)
FNDA:0,(anonymous_4)
FNDA:0,(anonymous_5)
FNDA:0,(anonymous_6)
FNDA:0,(anonymous_7)
FNDA:0,(anonymous_8)
FNDA:0,(anonymous_9)
FNDA:0,(anonymous_10)
DA:45,0
DA:49,0
DA:52,0
DA:55,0
DA:56,0
DA:58,0
DA:61,0
DA:62,0
DA:64,0
DA:69,0
DA:79,0
DA:80,0
DA:83,0
DA:84,0
DA:85,0
DA:87,0
DA:88,0
DA:90,0
DA:91,0
DA:93,0
DA:94,0
DA:96,0
DA:97,0
DA:99,0
DA:100,0
DA:104,0
DA:106,0
DA:110,0
DA:111,0
DA:113,0
DA:114,0
DA:115,0
LF:32
LH:0
BRDA:55,0,0,0
BRDA:55,0,1,0
BRDA:61,1,0,0
BRDA:61,1,1,0
BRDA:84,2,0,0
BRDA:84,2,1,0
BRDA:87,3,0,0
BRDA:87,3,1,0
BRDA:90,4,0,0
BRDA:90,4,1,0
BRDA:93,5,0,0
BRDA:93,5,1,0
BRDA:96,6,0,0
BRDA:96,6,1,0
BRDA:99,7,0,0
BRDA:99,7,1,0
BRF:16
BRH:0
end_of_record
TN:
SF:/Users/alexandrerodriguez/Desktop/vue/projet/src/components/Biographie/CardBiographie.vue
FN:33,(anonymous_1)
FNF:1
FNH:1
FNDA:1,(anonymous_1)
DA:34,1
DA:35,1
LF:2
LH:2
BRF:0
BRH:0
end_of_record
TN:
SF:/Users/alexandrerodriguez/Desktop/vue/projet/src/components/Contact/FormContainer.vue
FN:64,(anonymous_1)
FN:67,(anonymous_2)
FN:70,(anonymous_3)
FN:73,(anonymous_4)
FNF:4
FNH:0
FNDA:0,(anonymous_1)
FNDA:0,(anonymous_2)
FNDA:0,(anonymous_3)
FNDA:0,(anonymous_4)
DA:65,0
DA:68,0
DA:71,0
DA:74,0
LF:4
LH:0
BRF:0
BRH:0
end_of_record
TN:
SF:/Users/alexandrerodriguez/Desktop/vue/projet/src/components/Galeries/GaleriePhoto.vue
FN:36,(anonymous_1)
FNF:1
FNH:0
FNDA:0,(anonymous_1)
DA:37,0
LF:1
LH:0
BRF:0
BRH:0
end_of_record
TN:
SF:/Users/alexandrerodriguez/Desktop/vue/projet/src/components/Global/Footer.vue
FN:92,(anonymous_1)
FN:97,(anonymous_2)
FN:100,(anonymous_3)
FN:103,(anonymous_4)
FNF:4
FNH:4
FNDA:1,(anonymous_1)
FNDA:1,(anonymous_2)
FNDA:1,(anonymous_3)
FNDA:1,(anonymous_4)
DA:93,1
DA:94,1
DA:95,1
DA:98,1
DA:101,1
DA:104,1
LF:6
LH:6
BRF:0
BRH:0
end_of_record
TN:
SF:/Users/alexandrerodriguez/Desktop/vue/projet/src/components/Global/Navbar/Navbar.vue
FNF:0
FNH:0
DA:93,1
LF:1
LH:1
BRF:0
BRH:0
end_of_record
TN:
SF:/Users/alexandrerodriguez/Desktop/vue/projet/src/router/index.js
FN:36,(anonymous_0)
FN:41,(anonymous_1)
FN:46,(anonymous_2)
FN:51,(anonymous_3)
FN:69,(anonymous_4)
FN:74,(anonymous_5)
FN:79,(anonymous_6)
FN:84,(anonymous_7)
FN:89,(anonymous_8)
FN:94,(anonymous_9)
FNF:10
FNH:0
FNDA:0,(anonymous_0)
FNDA:0,(anonymous_1)
FNDA:0,(anonymous_2)
FNDA:0,(anonymous_3)
FNDA:0,(anonymous_4)
FNDA:0,(anonymous_5)
FNDA:0,(anonymous_6)
FNDA:0,(anonymous_7)
FNDA:0,(anonymous_8)
FNDA:0,(anonymous_9)
DA:10,0
DA:12,0
DA:36,0
DA:41,0
DA:46,0
DA:51,0
DA:69,0
DA:74,0
DA:79,0
DA:84,0
DA:89,0
DA:94,0
DA:98,0
LF:13
LH:0
BRF:0
BRH:0
end_of_record
TN:
SF:/Users/alexandrerodriguez/Desktop/vue/projet/src/store/index.js
FN:16,(anonymous_0)
FN:19,(anonymous_1)
FN:22,(anonymous_2)
FN:25,(anonymous_3)
FN:30,(anonymous_4)
FN:33,(anonymous_5)
FN:36,(anonymous_6)
FN:39,(anonymous_7)
FNF:8
FNH:0
FNDA:0,(anonymous_0)
FNDA:0,(anonymous_1)
FNDA:0,(anonymous_2)
FNDA:0,(anonymous_3)
FNDA:0,(anonymous_4)
FNDA:0,(anonymous_5)
FNDA:0,(anonymous_6)
FNDA:0,(anonymous_7)
DA:6,0
DA:17,0
DA:20,0
DA:23,0
DA:26,0
DA:31,0
DA:34,0
DA:37,0
DA:40,0
LF:9
LH:0
BRF:0
BRH:0
end_of_record
TN:
SF:/Users/alexandrerodriguez/Desktop/vue/projet/src/views/Actualites/Actualites.vue
FN:26,(anonymous_1)
FN:57,(anonymous_2)
FNF:2
FNH:0
FNDA:0,(anonymous_1)
FNDA:0,(anonymous_2)
DA:15,0
DA:16,0
DA:17,0
DA:27,0
DA:28,0
DA:54,0
DA:58,0
LF:7
LH:0
BRF:0
BRH:0
end_of_record
TN:
SF:/Users/alexandrerodriguez/Desktop/vue/projet/src/views/Actualites/Calendrier/Calendrier.vue
FN:24,(anonymous_1)
FNF:1
FNH:0
FNDA:0,(anonymous_1)
DA:13,0
DA:14,0
DA:15,0
DA:25,0
DA:26,0
DA:42,0
LF:6
LH:0
BRF:0
BRH:0
end_of_record
TN:
SF:/Users/alexandrerodriguez/Desktop/vue/projet/src/views/Actualites/Expositions/Expositions.vue
FN:26,(anonymous_1)
FN:48,(anonymous_2)
FNF:2
FNH:0
FNDA:0,(anonymous_1)
FNDA:0,(anonymous_2)
DA:15,0
DA:16,0
DA:17,0
DA:27,0
DA:28,0
DA:46,0
DA:49,0
DA:50,0
DA:76,0
LF:9
LH:0
BRF:0
BRH:0
end_of_record
TN:
SF:/Users/alexandrerodriguez/Desktop/vue/projet/src/views/Actualites/Interview/Interview.vue
FNF:0
FNH:0
DA:49,0
DA:50,0
DA:51,0
LF:3
LH:0
BRF:0
BRH:0
end_of_record
TN:
SF:/Users/alexandrerodriguez/Desktop/vue/projet/src/views/Actualites/Presse/Presse.vue
FN:25,(anonymous_1)
FN:44,(anonymous_2)
FNF:2
FNH:0
FNDA:0,(anonymous_1)
FNDA:0,(anonymous_2)
DA:14,0
DA:15,0
DA:16,0
DA:26,0
DA:42,0
DA:45,0
DA:61,0
LF:7
LH:0
BRF:0
BRH:0
end_of_record
TN:
SF:/Users/alexandrerodriguez/Desktop/vue/projet/src/views/Admin/Admin.vue
FNF:0
FNH:0
DA:9,0
DA:10,0
LF:2
LH:0
BRF:0
BRH:0
end_of_record
TN:
SF:/Users/alexandrerodriguez/Desktop/vue/projet/src/views/Biographie/Biographie.vue
FNF:0
FNH:0
DA:16,0
DA:17,0
DA:18,0
DA:19,0
LF:4
LH:0
BRF:0
BRH:0
end_of_record
TN:
SF:/Users/alexandrerodriguez/Desktop/vue/projet/src/views/Contact/Contact.vue
FNF:0
FNH:0
DA:39,0
DA:40,0
DA:41,0
LF:3
LH:0
BRF:0
BRH:0
end_of_record
TN:
SF:/Users/alexandrerodriguez/Desktop/vue/projet/src/views/Galeries/Galerie.vue
FN:29,(anonymous_1)
FN:73,(anonymous_2)
FNF:2
FNH:0
FNDA:0,(anonymous_1)
FNDA:0,(anonymous_2)
DA:15,0
DA:16,0
DA:17,0
DA:30,0
DA:31,0
DA:70,0
DA:74,0
LF:7
LH:0
BRF:0
BRH:0
end_of_record
TN:
SF:/Users/alexandrerodriguez/Desktop/vue/projet/src/views/Galeries/Eau/Eau.vue
FN:22,(anonymous_1)
FNF:1
FNH:0
FNDA:0,(anonymous_1)
DA:12,0
DA:13,0
DA:14,0
DA:23,0
LF:4
LH:0
BRF:0
BRH:0
end_of_record
TN:
SF:/Users/alexandrerodriguez/Desktop/vue/projet/src/views/Galeries/Foret/Foret.vue
FN:22,(anonymous_1)
FNF:1
FNH:0
FNDA:0,(anonymous_1)
DA:12,0
DA:13,0
DA:14,0
DA:23,0
LF:4
LH:0
BRF:0
BRH:0
end_of_record
TN:
SF:/Users/alexandrerodriguez/Desktop/vue/projet/src/views/Galeries/Jardin/Jardin.vue
FN:22,(anonymous_1)
FNF:1
FNH:0
FNDA:0,(anonymous_1)
DA:12,0
DA:13,0
DA:14,0
DA:23,0
LF:4
LH:0
BRF:0
BRH:0
end_of_record
TN:
SF:/Users/alexandrerodriguez/Desktop/vue/projet/src/views/Galeries/Micro/Microcosmos.vue
FN:22,(anonymous_1)
FNF:1
FNH:0
FNDA:0,(anonymous_1)
DA:12,0
DA:13,0
DA:14,0
DA:23,0
LF:4
LH:0
BRF:0
BRH:0
end_of_record
TN:
SF:/Users/alexandrerodriguez/Desktop/vue/projet/src/views/Galeries/Noir/Noir.vue
FN:22,(anonymous_1)
FNF:1
FNH:0
FNDA:0,(anonymous_1)
DA:12,0
DA:13,0
DA:14,0
DA:23,0
LF:4
LH:0
BRF:0
BRH:0
end_of_record
TN:
SF:/Users/alexandrerodriguez/Desktop/vue/projet/src/views/Galeries/Vegetale/Vegetale.vue
FN:22,(anonymous_1)
FNF:1
FNH:0
FNDA:0,(anonymous_1)
DA:12,0
DA:13,0
DA:14,0
DA:23,0
LF:4
LH:0
BRF:0
BRH:0
end_of_record
TN:
SF:/Users/alexandrerodriguez/Desktop/vue/projet/src/views/Home/Home.vue
FN:12,(anonymous_1)
FNF:1
FNH:0
FNDA:0,(anonymous_1)
DA:6,0
DA:13,0
LF:2
LH:0
BRF:0
BRH:0
end_of_record
